  mainProjet1_S2.c
O:\APPLICATIONS\Echanges_Eleves\ES\SLO1\Bignens_Damien\Epreuve\PROG\PROJET1_S2_DAMIEN_BIGNENS\PROJET1_S2_DAMIEN_BIGNENs\mainProjet1_S2.c(58,23): warning C4013: 'InitInfoPontDiviseur' non défini(e) ; extern retournant int pris par défaut
O:\APPLICATIONS\Echanges_Eleves\ES\SLO1\Bignens_Damien\Epreuve\PROG\PROJET1_S2_DAMIEN_BIGNENS\PROJET1_S2_DAMIEN_BIGNENs\mainProjet1_S2.c(62,29): warning C4013: 'CalculTensionPontDivisueur' non défini(e) ; extern retournant int pris par défaut
O:\APPLICATIONS\Echanges_Eleves\ES\SLO1\Bignens_Damien\Epreuve\PROG\PROJET1_S2_DAMIEN_BIGNENS\PROJET1_S2_DAMIEN_BIGNENs\mainProjet1_S2.c(66,32): warning C4013: 'AffichageTensionPontDivisueur' non défini(e) ; extern retournant int pris par défaut
O:\APPLICATIONS\Echanges_Eleves\ES\SLO1\Bignens_Damien\Epreuve\PROG\PROJET1_S2_DAMIEN_BIGNENS\PROJET1_S2_DAMIEN_BIGNENs\mainProjet1_S2.c(69,11): warning C4473: 'scanf_s' : nombre insuffisant d'arguments passés pour la chaîne de format
O:\APPLICATIONS\Echanges_Eleves\ES\SLO1\Bignens_Damien\Epreuve\PROG\PROJET1_S2_DAMIEN_BIGNENS\PROJET1_S2_DAMIEN_BIGNENs\mainProjet1_S2.c(69,11): message : les espaces réservés et leurs paramètres attendent des arguments 2 variadiques, mais des arguments 1 ont été fournis
O:\APPLICATIONS\Echanges_Eleves\ES\SLO1\Bignens_Damien\Epreuve\PROG\PROJET1_S2_DAMIEN_BIGNENS\PROJET1_S2_DAMIEN_BIGNENs\mainProjet1_S2.c(69,11): message : l'argument variadique manquant 2 est demandé par la chaîne de format '%c'
O:\APPLICATIONS\Echanges_Eleves\ES\SLO1\Bignens_Damien\Epreuve\PROG\PROJET1_S2_DAMIEN_BIGNENS\PROJET1_S2_DAMIEN_BIGNENs\mainProjet1_S2.c(69,11): message : cet argument est utilisé comme taille de mémoire tampon
  fonctionsPontDiv.c
O:\APPLICATIONS\Echanges_Eleves\ES\SLO1\Bignens_Damien\Epreuve\PROG\PROJET1_S2_DAMIEN_BIGNENS\PROJET1_S2_DAMIEN_BIGNENs\PROJET1_S2_DAMIEN_BIGNENs\fonctionsPontDiv.c(17,10): warning C4473: 'scanf_s' : nombre insuffisant d'arguments passés pour la chaîne de format
O:\APPLICATIONS\Echanges_Eleves\ES\SLO1\Bignens_Damien\Epreuve\PROG\PROJET1_S2_DAMIEN_BIGNENS\PROJET1_S2_DAMIEN_BIGNENs\PROJET1_S2_DAMIEN_BIGNENs\fonctionsPontDiv.c(17,10): message : les espaces réservés et leurs paramètres attendent des arguments 2 variadiques, mais des arguments 1 ont été fournis
O:\APPLICATIONS\Echanges_Eleves\ES\SLO1\Bignens_Damien\Epreuve\PROG\PROJET1_S2_DAMIEN_BIGNENS\PROJET1_S2_DAMIEN_BIGNENs\PROJET1_S2_DAMIEN_BIGNENs\fonctionsPontDiv.c(17,10): message : l'argument variadique manquant 2 est demandé par la chaîne de format '%c'
O:\APPLICATIONS\Echanges_Eleves\ES\SLO1\Bignens_Damien\Epreuve\PROG\PROJET1_S2_DAMIEN_BIGNENS\PROJET1_S2_DAMIEN_BIGNENs\PROJET1_S2_DAMIEN_BIGNENs\fonctionsPontDiv.c(17,10): message : cet argument est utilisé comme taille de mémoire tampon
O:\APPLICATIONS\Echanges_Eleves\ES\SLO1\Bignens_Damien\Epreuve\PROG\PROJET1_S2_DAMIEN_BIGNENS\PROJET1_S2_DAMIEN_BIGNENs\PROJET1_S2_DAMIEN_BIGNENs\fonctionsPontDiv.c(28,10): warning C4473: 'scanf_s' : nombre insuffisant d'arguments passés pour la chaîne de format
O:\APPLICATIONS\Echanges_Eleves\ES\SLO1\Bignens_Damien\Epreuve\PROG\PROJET1_S2_DAMIEN_BIGNENS\PROJET1_S2_DAMIEN_BIGNENs\PROJET1_S2_DAMIEN_BIGNENs\fonctionsPontDiv.c(28,10): message : les espaces réservés et leurs paramètres attendent des arguments 2 variadiques, mais des arguments 1 ont été fournis
O:\APPLICATIONS\Echanges_Eleves\ES\SLO1\Bignens_Damien\Epreuve\PROG\PROJET1_S2_DAMIEN_BIGNENS\PROJET1_S2_DAMIEN_BIGNENs\PROJET1_S2_DAMIEN_BIGNENs\fonctionsPontDiv.c(28,10): message : l'argument variadique manquant 2 est demandé par la chaîne de format '%c'
O:\APPLICATIONS\Echanges_Eleves\ES\SLO1\Bignens_Damien\Epreuve\PROG\PROJET1_S2_DAMIEN_BIGNENS\PROJET1_S2_DAMIEN_BIGNENs\PROJET1_S2_DAMIEN_BIGNENs\fonctionsPontDiv.c(28,10): message : cet argument est utilisé comme taille de mémoire tampon
O:\APPLICATIONS\Echanges_Eleves\ES\SLO1\Bignens_Damien\Epreuve\PROG\PROJET1_S2_DAMIEN_BIGNENS\PROJET1_S2_DAMIEN_BIGNENs\PROJET1_S2_DAMIEN_BIGNENs\fonctionsPontDiv.c(39,22): error C2296: '>>' : non conforme, l'opérande gauche est du type 'double *'
O:\APPLICATIONS\Echanges_Eleves\ES\SLO1\Bignens_Damien\Epreuve\PROG\PROJET1_S2_DAMIEN_BIGNENS\PROJET1_S2_DAMIEN_BIGNENs\PROJET1_S2_DAMIEN_BIGNENs\fonctionsPontDiv.c(42,52): warning C4028: paramètre formel 1 différent de la déclaration
O:\APPLICATIONS\Echanges_Eleves\ES\SLO1\Bignens_Damien\Epreuve\PROG\PROJET1_S2_DAMIEN_BIGNENS\PROJET1_S2_DAMIEN_BIGNENs\PROJET1_S2_DAMIEN_BIGNENs\fonctionsPontDiv.c(48,25): error C2037: la partie gauche de 'com_resistance' indique un struct/union non défini 'str_ParamA'
O:\APPLICATIONS\Echanges_Eleves\ES\SLO1\Bignens_Damien\Epreuve\PROG\PROJET1_S2_DAMIEN_BIGNENS\PROJET1_S2_DAMIEN_BIGNENs\PROJET1_S2_DAMIEN_BIGNENs\fonctionsPontDiv.c(48,53): error C2037: la partie gauche de 'tb_valeur' indique un struct/union non défini 'str_ParamA'
O:\APPLICATIONS\Echanges_Eleves\ES\SLO1\Bignens_Damien\Epreuve\PROG\PROJET1_S2_DAMIEN_BIGNENS\PROJET1_S2_DAMIEN_BIGNENs\PROJET1_S2_DAMIEN_BIGNENs\fonctionsPontDiv.c(49,24): error C2037: la partie gauche de 'com_resistance' indique un struct/union non défini 'str_ParamA'
O:\APPLICATIONS\Echanges_Eleves\ES\SLO1\Bignens_Damien\Epreuve\PROG\PROJET1_S2_DAMIEN_BIGNENS\PROJET1_S2_DAMIEN_BIGNENs\PROJET1_S2_DAMIEN_BIGNENs\fonctionsPontDiv.c(49,52): error C2037: la partie gauche de 'tb_valeur' indique un struct/union non défini 'str_ParamA'
O:\APPLICATIONS\Echanges_Eleves\ES\SLO1\Bignens_Damien\Epreuve\PROG\PROJET1_S2_DAMIEN_BIGNENS\PROJET1_S2_DAMIEN_BIGNENs\PROJET1_S2_DAMIEN_BIGNENs\fonctionsPontDiv.c(56,9): warning C4477: 'printf' : la chaîne de format '%f' nécessite un argument de type 'double', mais l'argument variadique 1 est de type 'int'
  Génération de code en cours...
